2025-08-21 18:47:00 | WARN | repo=PolygonEdge | action=test | passed=true
2025-02-02 12:52:00 | INFO | repo=PolygonEdge | action=test | passed=true
2025-03-03 17:10:00 | WARN | repo=PolygonEdge | action=commit
2025-12-08 07:05:00 | DEBUG | repo=PolygonEdge | action=commit
2025-05-21 15:45:00 | DEBUG | repo=PolygonEdge | action=commit
2025-06-01 20:18:00 | DEBUG | repo=PolygonEdge | action=commit
2025-08-21 07:29:00 | INFO | repo=PolygonEdge | action=commit
2025-02-04 17:13:00 | WARN | repo=PolygonEdge | action=commit
2025-10-26 13:43:00 | INFO | repo=PolygonEdge | action=commit
2025-03-01 11:39:00 | INFO | repo=PolygonEdge | action=commit
2025-09-13T16:17:00 | nonce=12070380468764872285
2025-09-18T15:01:00 | nonce=7167199936799060827
2025-06-05T16:27:00 | nonce=12195402706071043277
2025-08-20T12:55:00 | nonce=3143945055303986175
2025-01-19T10:35:00 | nonce=8793636440036871280
2025-09-14T20:35:00 | nonce=9719505461599650206
2025-11-03T09:13:00 | nonce=18201758178694851883
2025-10-24T20:26:00 | nonce=822550976723705198
2025-06-06T13:54:00 | nonce=15648204715244060113
2025-04-07T17:31:00 | nonce=17758713204372010269
2025-01-03T16:46:00 | nonce=13404562421486689716
